{"total": {"lines":{"total":194,"covered":89,"skipped":0,"pct":45.87},"statements":{"total":198,"covered":89,"skipped":0,"pct":44.94},"functions":{"total":22,"covered":7,"skipped":0,"pct":31.81},"branches":{"total":52,"covered":9,"skipped":0,"pct":17.3},"branchesTrue":{"total":0,"covered":0,"skipped":0,"pct":100}}
,"C:\\xampp\\htdocs\\scrum-system-backend\\app\\authentication\\crypto.js": {"lines":{"total":40,"covered":7,"skipped":0,"pct":17.5},"functions":{"total":8,"covered":0,"skipped":0,"pct":0},"statements":{"total":44,"covered":7,"skipped":0,"pct":15.9},"branches":{"total":10,"covered":0,"skipped":0,"pct":0}}
,"C:\\xampp\\htdocs\\scrum-system-backend\\app\\config\\db.config.js": {"lines":{"total":5,"covered":5,"skipped":0,"pct":100},"functions":{"total":0,"covered":0,"skipped":0,"pct":100},"statements":{"total":5,"covered":5,"skipped":0,"pct":100},"branches":{"total":0,"covered":0,"skipped":0,"pct":100}}
,"C:\\xampp\\htdocs\\scrum-system-backend\\app\\controllers\\user.controller.js": {"lines":{"total":105,"covered":33,"skipped":0,"pct":31.42},"functions":{"total":8,"covered":1,"skipped":0,"pct":12.5},"statements":{"total":105,"covered":33,"skipped":0,"pct":31.42},"branches":{"total":42,"covered":9,"skipped":0,"pct":21.42}}
,"C:\\xampp\\htdocs\\scrum-system-backend\\app\\models\\index.js": {"lines":{"total":25,"covered":25,"skipped":0,"pct":100},"functions":{"total":0,"covered":0,"skipped":0,"pct":100},"statements":{"total":25,"covered":25,"skipped":0,"pct":100},"branches":{"total":0,"covered":0,"skipped":0,"pct":100}}
,"C:\\xampp\\htdocs\\scrum-system-backend\\app\\models\\project.model.js": {"lines":{"total":3,"covered":3,"skipped":0,"pct":100},"functions":{"total":1,"covered":1,"skipped":0,"pct":100},"statements":{"total":3,"covered":3,"skipped":0,"pct":100},"branches":{"total":0,"covered":0,"skipped":0,"pct":100}}
,"C:\\xampp\\htdocs\\scrum-system-backend\\app\\models\\projectColumn.model.js": {"lines":{"total":3,"covered":3,"skipped":0,"pct":100},"functions":{"total":1,"covered":1,"skipped":0,"pct":100},"statements":{"total":3,"covered":3,"skipped":0,"pct":100},"branches":{"total":0,"covered":0,"skipped":0,"pct":100}}
,"C:\\xampp\\htdocs\\scrum-system-backend\\app\\models\\session.model.js": {"lines":{"total":3,"covered":3,"skipped":0,"pct":100},"functions":{"total":1,"covered":1,"skipped":0,"pct":100},"statements":{"total":3,"covered":3,"skipped":0,"pct":100},"branches":{"total":0,"covered":0,"skipped":0,"pct":100}}
,"C:\\xampp\\htdocs\\scrum-system-backend\\app\\models\\sprint.model.js": {"lines":{"total":3,"covered":3,"skipped":0,"pct":100},"functions":{"total":1,"covered":1,"skipped":0,"pct":100},"statements":{"total":3,"covered":3,"skipped":0,"pct":100},"branches":{"total":0,"covered":0,"skipped":0,"pct":100}}
,"C:\\xampp\\htdocs\\scrum-system-backend\\app\\models\\user.model.js": {"lines":{"total":4,"covered":4,"skipped":0,"pct":100},"functions":{"total":1,"covered":1,"skipped":0,"pct":100},"statements":{"total":4,"covered":4,"skipped":0,"pct":100},"branches":{"total":0,"covered":0,"skipped":0,"pct":100}}
,"C:\\xampp\\htdocs\\scrum-system-backend\\app\\models\\userStory.model.js": {"lines":{"total":3,"covered":3,"skipped":0,"pct":100},"functions":{"total":1,"covered":1,"skipped":0,"pct":100},"statements":{"total":3,"covered":3,"skipped":0,"pct":100},"branches":{"total":0,"covered":0,"skipped":0,"pct":100}}
}
