{"total": {"lines":{"total":340,"covered":213,"skipped":0,"pct":62.64},"statements":{"total":345,"covered":213,"skipped":0,"pct":61.73},"functions":{"total":42,"covered":21,"skipped":0,"pct":50},"branches":{"total":96,"covered":34,"skipped":0,"pct":35.41},"branchesTrue":{"total":0,"covered":0,"skipped":0,"pct":100}}
,"C:\\xampp\\htdocs\\scrum-system-backend\\app\\authentication\\crypto.js": {"lines":{"total":40,"covered":9,"skipped":0,"pct":22.5},"functions":{"total":8,"covered":0,"skipped":0,"pct":0},"statements":{"total":44,"covered":9,"skipped":0,"pct":20.45},"branches":{"total":10,"covered":0,"skipped":0,"pct":0}}
,"C:\\xampp\\htdocs\\scrum-system-backend\\app\\config\\db.config.js": {"lines":{"total":5,"covered":5,"skipped":0,"pct":100},"functions":{"total":0,"covered":0,"skipped":0,"pct":100},"statements":{"total":5,"covered":5,"skipped":0,"pct":100},"branches":{"total":0,"covered":0,"skipped":0,"pct":100}}
,"C:\\xampp\\htdocs\\scrum-system-backend\\app\\controllers\\project.controller.js": {"lines":{"total":61,"covered":37,"skipped":0,"pct":60.65},"functions":{"total":9,"covered":3,"skipped":0,"pct":33.33},"statements":{"total":62,"covered":37,"skipped":0,"pct":59.67},"branches":{"total":32,"covered":17,"skipped":0,"pct":53.12}}
,"C:\\xampp\\htdocs\\scrum-system-backend\\app\\controllers\\user.controller.js": {"lines":{"total":105,"covered":33,"skipped":0,"pct":31.42},"functions":{"total":8,"covered":1,"skipped":0,"pct":12.5},"statements":{"total":105,"covered":33,"skipped":0,"pct":31.42},"branches":{"total":42,"covered":9,"skipped":0,"pct":21.42}}
,"C:\\xampp\\htdocs\\scrum-system-backend\\app\\controllers\\userStory.controller.js": {"lines":{"total":43,"covered":43,"skipped":0,"pct":100},"functions":{"total":5,"covered":5,"skipped":0,"pct":100},"statements":{"total":43,"covered":43,"skipped":0,"pct":100},"branches":{"total":12,"covered":8,"skipped":0,"pct":66.66}}
,"C:\\xampp\\htdocs\\scrum-system-backend\\app\\models\\history.model.js": {"lines":{"total":3,"covered":3,"skipped":0,"pct":100},"functions":{"total":1,"covered":1,"skipped":0,"pct":100},"statements":{"total":3,"covered":3,"skipped":0,"pct":100},"branches":{"total":0,"covered":0,"skipped":0,"pct":100}}
,"C:\\xampp\\htdocs\\scrum-system-backend\\app\\models\\index.js": {"lines":{"total":49,"covered":49,"skipped":0,"pct":100},"functions":{"total":0,"covered":0,"skipped":0,"pct":100},"statements":{"total":49,"covered":49,"skipped":0,"pct":100},"branches":{"total":0,"covered":0,"skipped":0,"pct":100}}
,"C:\\xampp\\htdocs\\scrum-system-backend\\app\\models\\project.model.js": {"lines":{"total":3,"covered":3,"skipped":0,"pct":100},"functions":{"total":1,"covered":1,"skipped":0,"pct":100},"statements":{"total":3,"covered":3,"skipped":0,"pct":100},"branches":{"total":0,"covered":0,"skipped":0,"pct":100}}
,"C:\\xampp\\htdocs\\scrum-system-backend\\app\\models\\projectColumn.model.js": {"lines":{"total":3,"covered":3,"skipped":0,"pct":100},"functions":{"total":1,"covered":1,"skipped":0,"pct":100},"statements":{"total":3,"covered":3,"skipped":0,"pct":100},"branches":{"total":0,"covered":0,"skipped":0,"pct":100}}
,"C:\\xampp\\htdocs\\scrum-system-backend\\app\\models\\projectMembership.model.js": {"lines":{"total":3,"covered":3,"skipped":0,"pct":100},"functions":{"total":1,"covered":1,"skipped":0,"pct":100},"statements":{"total":3,"covered":3,"skipped":0,"pct":100},"branches":{"total":0,"covered":0,"skipped":0,"pct":100}}
,"C:\\xampp\\htdocs\\scrum-system-backend\\app\\models\\repo.model.js": {"lines":{"total":3,"covered":3,"skipped":0,"pct":100},"functions":{"total":1,"covered":1,"skipped":0,"pct":100},"statements":{"total":3,"covered":3,"skipped":0,"pct":100},"branches":{"total":0,"covered":0,"skipped":0,"pct":100}}
,"C:\\xampp\\htdocs\\scrum-system-backend\\app\\models\\session.model.js": {"lines":{"total":3,"covered":3,"skipped":0,"pct":100},"functions":{"total":1,"covered":1,"skipped":0,"pct":100},"statements":{"total":3,"covered":3,"skipped":0,"pct":100},"branches":{"total":0,"covered":0,"skipped":0,"pct":100}}
,"C:\\xampp\\htdocs\\scrum-system-backend\\app\\models\\sprint.model.js": {"lines":{"total":3,"covered":3,"skipped":0,"pct":100},"functions":{"total":1,"covered":1,"skipped":0,"pct":100},"statements":{"total":3,"covered":3,"skipped":0,"pct":100},"branches":{"total":0,"covered":0,"skipped":0,"pct":100}}
,"C:\\xampp\\htdocs\\scrum-system-backend\\app\\models\\storyAssignee.model.js": {"lines":{"total":3,"covered":3,"skipped":0,"pct":100},"functions":{"total":1,"covered":1,"skipped":0,"pct":100},"statements":{"total":3,"covered":3,"skipped":0,"pct":100},"branches":{"total":0,"covered":0,"skipped":0,"pct":100}}
,"C:\\xampp\\htdocs\\scrum-system-backend\\app\\models\\team.model.js": {"lines":{"total":3,"covered":3,"skipped":0,"pct":100},"functions":{"total":1,"covered":1,"skipped":0,"pct":100},"statements":{"total":3,"covered":3,"skipped":0,"pct":100},"branches":{"total":0,"covered":0,"skipped":0,"pct":100}}
,"C:\\xampp\\htdocs\\scrum-system-backend\\app\\models\\teamMember.model.js": {"lines":{"total":3,"covered":3,"skipped":0,"pct":100},"functions":{"total":1,"covered":1,"skipped":0,"pct":100},"statements":{"total":3,"covered":3,"skipped":0,"pct":100},"branches":{"total":0,"covered":0,"skipped":0,"pct":100}}
,"C:\\xampp\\htdocs\\scrum-system-backend\\app\\models\\user.model.js": {"lines":{"total":4,"covered":4,"skipped":0,"pct":100},"functions":{"total":1,"covered":1,"skipped":0,"pct":100},"statements":{"total":4,"covered":4,"skipped":0,"pct":100},"branches":{"total":0,"covered":0,"skipped":0,"pct":100}}
,"C:\\xampp\\htdocs\\scrum-system-backend\\app\\models\\userStory.model.js": {"lines":{"total":3,"covered":3,"skipped":0,"pct":100},"functions":{"total":1,"covered":1,"skipped":0,"pct":100},"statements":{"total":3,"covered":3,"skipped":0,"pct":100},"branches":{"total":0,"covered":0,"skipped":0,"pct":100}}
}
